<?xml version="1.0" encoding="UTF-8"?>
<!-- Generated by org.testng.reporters.JUnitXMLReporter -->
<testsuite hostname="CPU0057" ignored="0" name="Test Firefox" tests="5" failures="0" timestamp="25 Dec 2017 13:34:18 GMT" time="100.384" errors="0">
  <testcase name="login" time="20.786" classname="tests.LoginTestCases"/>
  <testcase name="loginWithIncorrectPassword" time="20.664" classname="tests.LoginTestCases"/>
  <testcase name="registration" time="18.071" classname="tests.RegistrationTestCases"/>
  <testcase name="registrationWithExistingEmail" time="21.456" classname="tests.RegistrationTestCases"/>
  <testcase name="verifyAccountInfoAfterRegistration" time="16.844" classname="tests.RegistrationTestCases"/>
</testsuite> <!-- Test Firefox -->
