<?xml version="1.0" encoding="UTF-8"?>
<!-- Generated by org.testng.reporters.JUnitXMLReporter -->
<testsuite hostname="CPU0057" ignored="0" name="Test Firefox" tests="5" failures="0" timestamp="28 Dec 2017 13:26:15 GMT" time="64.644" errors="0">
  <testcase name="login" time="21.72" classname="tests.Login"/>
  <testcase name="registration" time="21.928" classname="tests.Registration"/>
  <testcase name="loginWithIncorrectPassword" time="20.161" classname="tests.Login"/>
  <testcase name="registrationWithExistingEmail" time="24.211" classname="tests.Registration"/>
  <testcase name="verifyAccountInfoAfterRegistration" time="16.996" classname="tests.Registration"/>
</testsuite> <!-- Test Firefox -->
