<?xml version="1.0" encoding="UTF-8"?>
<!-- Generated by org.testng.reporters.JUnitXMLReporter -->
<testsuite hostname="CPU0057" ignored="0" name="Test" tests="5" failures="0" timestamp="18 Dec 2017 08:22:44 GMT" time="38.105" errors="0">
  <testcase name="login" time="12.431" classname="tests.LoginTestCases"/>
  <testcase name="registration" time="12.834" classname="tests.RegistrationTestCases"/>
  <testcase name="loginWithIncorrectPassword" time="8.544" classname="tests.LoginTestCases"/>
  <testcase name="registrationWithExistingEmail" time="13.82" classname="tests.RegistrationTestCases"/>
  <testcase name="verifyAccountInfoAfterRegistration" time="9.172" classname="tests.RegistrationTestCases"/>
</testsuite> <!-- Test -->
