<?xml version="1.0" encoding="UTF-8"?>
<!-- Generated by org.testng.reporters.JUnitXMLReporter -->
<testsuite hostname="CPU0057" ignored="0" name="Test Chrome" tests="5" failures="0" timestamp="25 Dec 2017 13:33:40 GMT" time="62.343" errors="0">
  <testcase name="login" time="12.23" classname="tests.LoginTestCases"/>
  <testcase name="loginWithIncorrectPassword" time="9.52" classname="tests.LoginTestCases"/>
  <testcase name="registration" time="11.939" classname="tests.RegistrationTestCases"/>
  <testcase name="registrationWithExistingEmail" time="15.233" classname="tests.RegistrationTestCases"/>
  <testcase name="verifyAccountInfoAfterRegistration" time="9.667" classname="tests.RegistrationTestCases"/>
</testsuite> <!-- Test Chrome -->
