<?xml version="1.0" encoding="UTF-8"?>
<!-- Generated by org.testng.reporters.JUnitXMLReporter -->
<testsuite hostname="CPU0057" ignored="0" name="Test Chrome" tests="5" failures="0" timestamp="25 Dec 2017 06:11:00 GMT" time="57.895" errors="0">
  <testcase name="login" time="11.635" classname="tests.LoginTestCases"/>
  <testcase name="loginWithIncorrectPassword" time="8.435" classname="tests.LoginTestCases"/>
  <testcase name="registration" time="10.948" classname="tests.RegistrationTestCases"/>
  <testcase name="registrationWithExistingEmail" time="13.185" classname="tests.RegistrationTestCases"/>
  <testcase name="verifyAccountInfoAfterRegistration" time="9.651" classname="tests.RegistrationTestCases"/>
</testsuite> <!-- Test Chrome -->
