<?xml version="1.0" encoding="UTF-8"?>
<testng-results skipped="0" failed="0" ignored="0" total="2" passed="2">
  <reporter-output>
  </reporter-output>
  <suite name="Suite" duration-ms="25823" started-at="2018-01-08T10:07:42Z" finished-at="2018-01-08T10:08:08Z">
    <groups>
    </groups>
    <test name="Test Chrome" duration-ms="25823" started-at="2018-01-08T10:07:42Z" finished-at="2018-01-08T10:08:08Z">
      <class name="tests.Login">
        <test-method status="PASS" signature="beforeMethod(java.lang.reflect.Method)[pri:0, instance:tests.Login@29ee9faa]" name="beforeMethod" is-config="true" duration-ms="142" started-at="2018-01-08T15:37:42Z" finished-at="2018-01-08T15:37:43Z">
          <params>
            <param index="0">
              <value>
                <![CDATA[public void tests.Login.login()]]>
              </value>
            </param>
          </params>
          <reporter-output>
          </reporter-output>
        </test-method> <!-- beforeMethod -->
        <test-method status="PASS" signature="login()[pri:0, instance:tests.Login@29ee9faa]" name="login" duration-ms="14320" started-at="2018-01-08T15:37:43Z" finished-at="2018-01-08T15:37:57Z">
          <reporter-output>
          </reporter-output>
        </test-method> <!-- login -->
        <test-method status="PASS" signature="AfterMehod(org.testng.ITestResult)[pri:0, instance:tests.Login@29ee9faa]" name="AfterMehod" is-config="true" duration-ms="311" started-at="2018-01-08T15:37:58Z" finished-at="2018-01-08T15:37:58Z">
          <params>
            <param index="0">
              <value>
                <![CDATA[[TestResult name=login status=SUCCESS method=Login.login()[pri:0, instance:tests.Login@29ee9faa] output={null}]]]>
              </value>
            </param>
          </params>
          <reporter-output>
          </reporter-output>
        </test-method> <!-- AfterMehod -->
        <test-method status="PASS" signature="beforeMethod(java.lang.reflect.Method)[pri:0, instance:tests.Login@29ee9faa]" name="beforeMethod" is-config="true" duration-ms="1" started-at="2018-01-08T15:37:58Z" finished-at="2018-01-08T15:37:58Z">
          <params>
            <param index="0">
              <value>
                <![CDATA[public void tests.Login.loginWithIncorrectPassword()]]>
              </value>
            </param>
          </params>
          <reporter-output>
          </reporter-output>
        </test-method> <!-- beforeMethod -->
        <test-method status="PASS" signature="loginWithIncorrectPassword()[pri:0, instance:tests.Login@29ee9faa]" name="loginWithIncorrectPassword" duration-ms="9531" started-at="2018-01-08T15:37:58Z" finished-at="2018-01-08T15:38:08Z">
          <reporter-output>
          </reporter-output>
        </test-method> <!-- loginWithIncorrectPassword -->
        <test-method status="PASS" signature="AfterMehod(org.testng.ITestResult)[pri:0, instance:tests.Login@29ee9faa]" name="AfterMehod" is-config="true" duration-ms="61" started-at="2018-01-08T15:38:08Z" finished-at="2018-01-08T15:38:08Z">
          <params>
            <param index="0">
              <value>
                <![CDATA[[TestResult name=loginWithIncorrectPassword status=SUCCESS method=Login.loginWithIncorrectPassword()[pri:0, instance:tests.Login@29ee9faa] output={null}]]]>
              </value>
            </param>
          </params>
          <reporter-output>
          </reporter-output>
        </test-method> <!-- AfterMehod -->
      </class> <!-- tests.Login -->
    </test> <!-- Test Chrome -->
  </suite> <!-- Suite -->
</testng-results>
